         w __deregister_frame_info
         w __register_frame_info
         w _ITM_deregisterTMCloneTable
         w _ITM_registerTMCloneTable
00000000 b .LANCHOR1
00000000 00000401 b __fixedpath
00000000 b _TLS_MODULE_BASE_
00000000 a shift
00000000 a shift
00000404 b .LANCHOR3
00000404 00000802 b __utf16path
00000c08 b .LANCHOR5
00000c08 00000802 b __utf16path_old.8107
00100000 a __start__
00100000 T _start
00100008 T __service_ptr
0010000c T __apt_appid
00100010 T __heap_size
00100014 T __linear_heap_size
00100018 T __system_arglist
0010001c T __system_runflags
00100020 t startup
00100058 t ClearMem
0010006c t ClrLoop
00100094 T _init
001000b0 T flush_dcache
001000bc T invalidate_icache
001000c8 T svcGlobalBackdoor
001000d0 T svc_30
001000ec t svc_30_callback
00100110 T checkSvcGlobalBackdoor
00100124 t checkSvcGlobalBackdoor_callback
00100130 T checkRunningCFW
00100138 00000214 t crc32_combine_
0010034c 0000000c T get_crc_table
00100358 000003b0 T crc32
00100708 00000004 T crc32_combine
0010070c 00000004 T crc32_combine64
00100710 000002a0 t longest_match
001009b0 00000330 t fill_window
00100ce0 000005b0 t deflate_fast
00101290 0000072c t deflate_slow
001019bc 000003d0 t deflate_stored
00101d8c 00000218 T deflateSetDictionary
00101fa4 000000d8 T deflateResetKeep
0010207c 00000168 T deflateReset
001021e4 00000034 T deflateSetHeader
00102218 0000004c T deflatePending
00102264 000000a8 T deflatePrime
0010230c 00000038 T deflateTune
00102344 00000114 T deflateBound
00102458 00001850 T deflate
00103ca8 0000011c T deflateParams
00103dc4 00000120 T deflateEnd
00103ee4 000003c8 T deflateInit2_
001042ac 00000340 T deflateInit_
001045ec 00000204 T deflateCopy
001047f0 00000090 T inflateResetKeep
00104880 0000009c T inflateReset
0010491c 00000120 T inflateReset2
00104a3c 00000188 T inflateInit2_
00104bc4 00000164 T inflateInit_
00104d28 00000078 T inflatePrime
00104da0 00001e9c T inflate
00106c3c 00000064 T inflateEnd
00106ca0 00000098 T inflateGetDictionary
00106d38 000001a8 T inflateSetDictionary
00106ee0 0000003c T inflateGetHeader
00106f1c 000002b8 T inflateSync
001071d4 00000040 T inflateSyncPoint
00107214 000001ac T inflateCopy
001073c0 00000030 T inflateUndermine
001073f0 00000058 T inflateMark
00107448 00000bf4 T inflate_table
0010803c 000005c4 t send_tree
00108600 00000438 t compress_block
00108a38 00000b34 t build_tree
0010956c 000000cc T _tr_init
00109638 00000194 T _tr_stored_block
001097cc 0000009c T _tr_flush_bits
00109868 00000184 T _tr_align
001099ec 00000b14 T _tr_flush_block
0010a500 000000b8 T _tr_tally
0010a5b8 0000000c T zlibVersion
0010a5c4 00000008 T zlibCompileFlags
0010a5cc 00000014 T zError
0010a5e0 00000008 T zcalloc
0010a5e8 00000008 T zcfree
0010a5f0 00000448 T adler32
0010aa38 000000bc T adler32_combine
0010aaf4 000000bc T adler32_combine64
0010abb0 00000be4 T inflate_fast
0010b794 T initSystem
0010b7d8 T __ctru_exit
0010b7f8 t .udivsi3_skip_div0_test
0010b7f8 T __aeabi_uidiv
0010b7f8 000001ec T __udivsi3
0010b9e4 00000020 T __aeabi_uidivmod
0010ba04 T __aeabi_idiv
0010ba04 00000220 T __divsi3
0010ba0c t .divsi3_skip_div0_test
0010bc24 00000020 T __aeabi_idivmod
0010bc44 00000004 W __aeabi_idiv0
0010bc44 00000004 W __aeabi_ldiv0
0010bc48 T __aeabi_ldivmod
0010bd1c T __aeabi_uldivmod
0010bd68 00000390 T strcmp
0010c0f0 t deregister_tm_clones
0010c11c t register_tm_clones
0010c154 t __do_global_dtors_aux
0010c198 t frame_dummy
0010c1cc 00000084 t copy_data
0010c250 00000198 T archiveExtractFile
0010c3e8 000000a0 T fsOpenAndWrite
0010c488 00000094 T fsOpenAndRead
0010c51c 0000002c T checkFileExists
0010c548 000000d4 T progressbar
0010c61c 00000238 T httpDownloadData
0010c854 00000010 T httpRetrieveData
0010c864 00000010 T httpBufSize
0010c874 00000010 T httpFree
0010c884 00000670 T jsmn_parse
0010cef4 00000018 T jsmn_init
0010cf0c 00000050 T print
0010cf5c 00000060 T jsoneq
0010cfbc 00000188 T parseApi
0010d148 000002e0 T downloadExtractStep1
0010d428 00000234 T ciaInstall
0010d660 00000150 T doExploitsStep1
0010d7b0 00000a98 T downloadExtractStep2
0010e248 00000190 T main
0010e3d8 00000034 t K_PatchPID
0010e40c 0000002c t K_RestorePID
0010e438 00000014 T initial_kernel_function
0010e44c 00000054 t K_PatchACL
0010e4a0 000000dc T gspSetTextureCopy
0010e580 00000344 T hook_kernel
0010e8c4 00000058 T initsrv_allservices
0010e91c 0000002c T patch_svcaccesstable
0010e948 00000164 T patch_arm11_codeflow
0010eaac 000000a4 T FileRead
0010eb50 00000368 T safehax
0010eeb8 000000ac W __system_allocateHeaps
0010ef64 000001b4 T allocHeapWithLa
0010f118 000003fc T udsploit
0010f514 00000090 T archive_entry_clear
0010f5a4 0000015c T archive_entry_clone
0010f700 00000084 T archive_entry_free
0010f784 00000020 T archive_entry_new2
0010f7a4 00000008 T archive_entry_atime
0010f7ac 00000008 T archive_entry_atime_nsec
0010f7b4 0000000c T archive_entry_atime_is_set
0010f7c0 00000008 T archive_entry_birthtime
0010f7c8 00000008 T archive_entry_birthtime_nsec
0010f7d0 0000000c T archive_entry_birthtime_is_set
0010f7dc 00000008 T archive_entry_ctime
0010f7e4 0000000c T archive_entry_ctime_is_set
0010f7f0 00000008 T archive_entry_ctime_nsec
0010f7f8 0000000c T archive_entry_filetype
0010f804 00000014 T archive_entry_fflags
0010f818 00000008 T archive_entry_gid
0010f820 00000050 T archive_entry_gname
0010f870 00000064 T archive_entry_hardlink
0010f8d4 00000008 T archive_entry_mode
0010f8dc 00000008 T archive_entry_mtime
0010f8e4 00000008 T archive_entry_mtime_nsec
0010f8ec 0000000c T archive_entry_mtime_is_set
0010f8f8 00000050 T archive_entry_pathname
0010f948 00000050 T archive_entry_pathname_w
0010f998 00000008 T archive_entry_size
0010f9a0 0000000c T archive_entry_size_is_set
0010f9ac 00000064 T archive_entry_symlink
0010fa10 00000008 T archive_entry_uid
0010fa18 00000050 T archive_entry_uname
0010fa68 00000010 T archive_entry_set_gid
0010fa78 0000005c T archive_entry_set_atime
0010fad4 0000005c T archive_entry_set_ctime
0010fb30 00000010 T archive_entry_set_mode
0010fb40 0000005c T archive_entry_set_mtime
0010fb9c 00000008 T archive_entry_set_pathname
0010fba4 00000008 T _archive_entry_copy_pathname_l
0010fbac 0000001c T archive_entry_set_size
0010fbc8 0000002c T archive_entry_unset_size
0010fbf4 0000002c T archive_entry_copy_symlink
0010fc20 0000003c T _archive_entry_copy_symlink_l
0010fc5c 00000010 T archive_entry_set_uid
0010fc6c 00000010 T archive_entry_mac_metadata
0010fc7c 00000060 T archive_entry_copy_mac_metadata
0010fcdc 00000008 T archive_entry_acl
0010fce4 00000034 T archive_entry_sparse_clear
0010fd18 000000d4 T archive_entry_sparse_add_entry
0010fdec 0000004c T archive_entry_xattr_clear
0010fe38 00000080 T archive_entry_xattr_add_entry
0010feb8 0000002c T archive_entry_xattr_count
0010fee4 00000024 t client_read_proxy
0010ff08 00000034 t client_seek_proxy
0010ff3c 00000024 t client_open_proxy
0010ff60 000000ac t client_switch_proxy
0011000c 0000002c t _archive_filter_count
00110038 00000090 t _archive_filter_bytes
001100c8 00000074 t client_close_proxy
0011013c 00000128 t client_skip_proxy
00110264 00000134 t _archive_read_free
00110398 0000007c t _archive_read_data_block
00110414 00000090 t _archive_filter_code
001104a4 00000090 t _archive_filter_name
00110534 000000b0 t _archive_read_close
001105e4 00000238 t _archive_read_next_header
0011081c 00000244 t _archive_read_next_header2
00110a60 000000cc T archive_read_new
00110b2c 00000034 T archive_read_set_open_callback
00110b60 00000034 T archive_read_set_read_callback
00110b94 00000034 T archive_read_set_skip_callback
00110bc8 00000034 T archive_read_set_seek_callback
00110bfc 00000034 T archive_read_set_close_callback
00110c30 00000098 T archive_read_set_callback_data
00110cc8 0000006c T __archive_read_close_filters
00110d34 00000a38 T archive_read_open1
0011176c 00000254 T __archive_read_register_format
001119c0 000003a8 T __archive_read_ahead
00111d68 000003f8 T __archive_read_consume
00112160 000006f8 T __archive_read_filter_seek
00112858 00000008 T __archive_read_seek
00112860 00000008 t memory_read_open
00112868 0000002c t memory_read
00112894 00000064 t memory_read_skip
001128f8 00000090 t memory_read_seek
00112988 00000014 t memory_read_close
0011299c 000000b8 T archive_read_open_memory
00112a54 00000574 t Bcj2_Decode
00112fc8 000000ac t set_error
00113074 0000007c t ppmd_read
001130f0 00000008 t ppmd_free
001130f8 00000008 t ppmd_alloc
00113100 00000638 t init_decompression
00113738 000000b8 t seek_pack
001137f0 000000f8 t free_StreamsInfo
001138e8 000000f8 t archive_read_format_7zip_cleanup
001139e0 000001d0 t archive_read_format_7zip_bid
00113bb0 00000db4 t extract_pack_stream
00114964 0000012c t get_uncompressed_data
00114a90 00000874 t setup_decode_folder
00115304 00000350 t read_stream
00115654 00000154 t read_Bools
001157a8 00000474 t archive_read_format_7zip_read_data_skip
00115c1c 000003dc t header_bytes
00115ff8 000003ac t header_bytes.constprop.3
001163a4 00000424 t parse_7zip_uint64
001167c8 00000220 t read_Digests
001169e8 00000f48 t read_StreamsInfo
00117930 00001744 t archive_read_format_7zip_read_header
00119074 000004bc t archive_read_format_7zip_read_data
00119530 000000d4 T archive_read_support_format_7zip
00119604 00000010 t cmp_node
00119614 00000008 t cmp_key
0011961c 0000009c t archive_read_format_zip_cleanup
001196b8 000000d0 t archive_read_format_zip_streamable_bid
00119788 000000d8 t archive_read_format_zip_options
00119860 00000010 t rsrc_cmp_key
00119870 00000010 t rsrc_cmp_node
00119880 00000258 t archive_read_format_zip_seekable_bid
00119ad8 000009bc t zip_read_local_file_header
0011a494 000001f0 t archive_read_format_zip_streamable_read_header
0011a684 00000304 t zip_read_data_deflate.isra.2
0011a988 00000224 t archive_read_format_zip_read_data_skip
0011abac 00000464 t archive_read_format_zip_read_data
0011b010 00000bdc t archive_read_format_zip_seekable_read_header
0011bbec 00000150 T archive_read_support_format_zip
0011bd3c 00000124 t unicode_to_utf8
0011be60 000000a8 t utf16be_to_unicode
0011bf08 0000007c t unicode_to_utf16be
0011bf84 0000007c t unicode_to_utf16le
0011c000 00000014 t add_converter.part.8
0011c014 00000148 t canonical_charset_name.part.11
0011c15c 00000014 t archive_string_concat.part.14
0011c15c 00000014 t archive_strncat.part.19
0011c15c 00000014 t archive_wstring_concat.part.15
0011c15c 00000014 t archive_wstrncat.part.20
0011c170 000000a8 t utf16le_to_unicode
0011c218 0000047c t get_sconv_object.part.12
0011c694 00000218 t best_effort_strncat_from_utf16be
0011c8ac 0000016c t best_effort_strncat_to_utf16le
0011ca18 00000218 t best_effort_strncat_from_utf16le
0011cc30 0000016c t best_effort_strncat_to_utf16be
0011cd9c 00000368 t archive_string_append_unicode
0011d104 00000370 t best_effort_strncat_in_locale
0011d474 00000568 t cesu8_to_unicode
0011d9dc 00000770 t strncat_from_utf8_to_utf8
0011e14c 00001c4c t archive_string_normalize_C
0011fd98 00000024 T archive_string_free
0011fdbc 000000c0 T archive_string_ensure
0011fe7c 00000138 T archive_strncat
0011ffb4 00000118 T archive_strcat
001200cc 000000f0 T archive_strappend_char
001201bc 00000284 T archive_wstring_append_from_mbs
00120440 00000290 T archive_string_append_from_wcs
001206d0 000000d0 T archive_string_conversion_from_charset
001207a0 00000008 T archive_string_default_conversion_for_read
001207a8 00000058 T archive_string_conversion_free
00120800 00000018 T archive_string_conversion_charset_name
00120818 00000064 T archive_mstring_clean
0012087c 000002d0 T archive_mstring_copy
00120b4c 00000068 T archive_mstring_get_mbs
00120bb4 00000068 T archive_mstring_get_wcs
00120c1c 0000015c T archive_mstring_copy_mbs
00120d78 00000390 T archive_mstring_copy_mbs_len_l
00121108 00000010 T __archive_clean
00121118 0000001c T archive_error_string
00121134 00000014 T archive_clear_error
00121148 0000005c T archive_set_error
001211a4 00000054 T __archive_errx
001211f8 0000003c T __archive_ensure_cloexec_flag
00121234 0000000c T archive_write_close
00121240 0000000c T archive_read_close
0012124c 00000014 T archive_write_free
00121260 00000014 T archive_read_free
00121274 00000018 T archive_write_header
0012128c 0000000c T archive_write_finish_entry
00121298 0000003c T archive_write_data_block
001212d4 0000000c T archive_read_next_header
001212e0 00000018 T archive_read_data_block
001212f8 00000024 t _archive_write_disk_filter_bytes
0012131c 000001a8 t create_filesystem_object
001214c4 0000016c t sort_dir_list
00121630 000007f4 t _archive_write_disk_finish_entry
00121e24 00000114 t _archive_write_disk_close
00121f38 00000180 t _archive_write_disk_free
001220b8 0000028c t create_dir
00122344 0000057c t _archive_write_disk_data
001228c0 000005dc t _archive_write_disk_data_block
00122e9c 00000a84 t _archive_write_disk_header
00123920 0000000c T archive_write_disk_set_options
0012392c 000000f0 T archive_write_disk_new
00123a1c 00000070 T archive_acl_clear
00123a8c 00000234 T archive_acl_copy
00123cc0 00000044 t errmsg
00123d04 000002e4 T __archive_check_magic
00123fe8 00000028 t Ppmd7_Free
00124010 00000080 t Ppmd7_Alloc
00124090 000001fc t GlueFreeBlocks
0012428c 00000058 t PpmdRAR_RangeDec_Init
001242e4 00000030 t Range_GetThreshold
00124314 000000a4 t Range_DecodeBit_7z
001243b8 00000020 t Ppmd7z_RangeDec_CreateVTable
001243d8 00000020 t PpmdRAR_RangeDec_CreateVTable
001243f8 00000034 t Ppmd7z_RangeEnc_Init
0012442c 00000334 t RestartModel
00124760 00000020 t Ppmd7_Init
00124780 00000154 t Ppmd7_Construct
001248d4 00000064 t Ppmd7z_RangeDec_Init
00124938 00000058 t Range_DecodeBit_RAR
00124990 00000088 t Range_Decode_7z
00124a18 00000088 t Range_Decode_RAR
00124aa0 00000098 t Ppmd7z_RangeEnc_FlushData
00124b38 0000033c t CreateSuccessors
00124e74 00000718 t UpdateModel
0012558c 00000384 t Rescale
00125910 0000083c t Ppmd7_DecodeSymbol
0012614c 00000d10 t Ppmd7_EncodeSymbol
00126e5c 0000039c t __archive_rb_tree_removal_rebalance.isra.1
001271f8 00000010 T __archive_rb_tree_init
00127208 0000005c T __archive_rb_tree_find_node
00127264 00000334 T __archive_rb_tree_insert_node
00127598 00000208 T __archive_rb_tree_remove_node
001277a0 000000b0 T __archive_rb_tree_iterate
00127850 000000d0 t append_uint
00127920 00000a5c T archive_string_vsprintf
0012837c 00000008 T archive_write_disk_set_acls
00128384 00000034 T lzma_alloc
001283b8 00000024 T lzma_free
001283dc 00000050 T lzma_bufcpy
0012842c 000000a4 T lzma_next_filter_init
001284d0 00000058 T lzma_next_filter_update
00128528 00000070 T lzma_next_end
00128598 000000c0 T lzma_strm_init
00128658 000002fc T lzma_code
00128954 000000d0 T lzma_end
00128a24 000000c8 t decoder_find
00128aec 0000007c T lzma_raw_decoder
00128b68 00000104 T lzma_properties_decode
00128c6c 0000000c t lzma_decoder_uncompressed
00128c78 00000384 t lzma_decoder_reset
00128ffc 000034cc t lzma_decode
0012c4c8 00000444 t lzma_decoder_init
0012c90c 0000007c T lzma_lzma_decoder_create
0012c988 0000000c T lzma_lzma_decoder_init
0012c994 00000084 T lzma_lzma_lclppb_decode
0012ca18 00000024 T lzma_lzma_decoder_memusage_nocheck
0012ca3c 00000068 T lzma_lzma_decoder_memusage
0012caa4 000000d4 T lzma_lzma_props_decode
0012cb78 000000bc t lzma2_decoder_init
0012cc34 00000024 t lzma2_decoder_end
0012cc58 00000328 t lzma2_decode
0012cf80 0000000c T lzma_lzma2_decoder_init
0012cf8c 00000014 T lzma_lzma2_decoder_memusage
0012cfa0 00000080 T lzma_lzma2_props_decode
0012d020 00000020 t delta_coder_end
0012d040 000000c0 T lzma_delta_coder_init
0012d100 0000003c T lzma_delta_coder_memusage
0012d13c 000000a4 t delta_decode
0012d1e0 00000010 T lzma_delta_decoder_init
0012d1f0 00000050 T lzma_delta_props_decode
0012d240 00000074 T lzma_simple_props_decode
0012d2b4 00000264 t x86_code
0012d518 00000048 T lzma_simple_x86_decoder_init
0012d560 00000134 t powerpc_code
0012d694 00000034 T lzma_simple_powerpc_decoder_init
0012d6c8 000004e4 t ia64_code
0012dbac 00000034 T lzma_simple_ia64_decoder_init
0012dbe0 000000d8 t arm_code
0012dcb8 00000034 T lzma_simple_arm_decoder_init
0012dcec 00000180 t armthumb_code
0012de6c 00000030 T lzma_simple_armthumb_decoder_init
0012de9c 000000d8 t sparc_code
0012df74 00000034 T lzma_simple_sparc_decoder_init
0012dfa8 0000028c T lzma_raw_coder_init
0012e234 00000050 t lz_decoder_end
0012e284 00000334 t lz_decode
0012e5b8 000001c8 T lzma_lz_decoder_init
0012e780 00000018 T lzma_lz_decoder_memusage
0012e798 00000008 t simple_coder_update
0012e7a0 0000002c t simple_coder_end
0012e7cc 00000388 t simple_code
0012eb54 00000140 T lzma_simple_coder_init
0012ec94 00000024 t addrMapNodeComparator(rbtree_node const*, rbtree_node const*)
0012ecb8 00000004 t addrMapNodeDestructor(rbtree_node*)
0012ecbc 0000011c T linearMemAlign
0012edd8 00000008 T linearAlloc
0012ede0 00000050 T linearFree
0012ee30 00000098 T MemPool::CoalesceRight(MemBlock*)
0012eec8 0000016c T MemPool::Allocate(MemChunk&, unsigned long, int)
0012f034 000000fc T MemPool::Deallocate(MemChunk const&)
0012f130 00000018 T consoleSelect
0012f148 000001c0 T consoleDrawChar
0012f308 00000128 T consolePrintChar
0012f430 00000184 t consoleCls
0012f5b4 00000104 T consoleInit
0012f6b8 00000138 t consoleClearLine
0012f7f0 000000c0 t newRow
0012f8b0 00000810 T con_write
001300c0 0000008c t gfxSetFramebufferInfo.part.0
0013014c 00000018 T __get_bytes_per_pixel
00130164 00000184 T gfxSetScreenFormat
001302e8 00000010 T gfxSetDoubleBuffering
001302f8 0000006c T gfxSetFramebufferInfo
00130364 000000b0 T gfxWriteFramebufferInfo
00130414 00000210 T gfxInit
00130624 00000010 T gfxInitDefault
00130634 000000e0 T gfxExit
00130714 000000a8 T gfxGetFramebuffer
001307bc 000000e8 T gfxFlushBuffers
001308a4 00000060 T gfxConfigScreen
00130904 00000020 T gfxSwapBuffers
00130924 00000020 T gfxSwapBuffersGpu
00130944 00000058 t getSysTime
0013099c 00000028 t __ctru_speedup_config.part.0
001309c4 0000004c T osConvertVirtToPhys
00130a10 00000128 T __libctru_gtod
00130b38 00000018 T __ctru_speedup_config
00130b50 00000008 t romfs_close
00130b58 000000cc t romfs_seek
00130c24 00000028 t romfs_dirreset
00130c4c 00000078 t romfs_fstat
00130cc4 0000005c t _romfs_read_chk
00130d20 000000e8 t romfs_read
00130e08 0000007c t romfs_free
00130e84 0000016c t romfsMountCommon
00130ff0 00000254 t romfs_dirnext
00131248 000000d0 t romfsInitMtime.isra.4
00131318 000000b4 t searchForFile.constprop.7
001313cc 000000b8 t searchForDir.constprop.8
00131484 000001b8 t navigateToDir.constprop.6
0013163c 00000130 t romfs_open
0013176c 00000210 t romfs_stat
0013197c 00000054 t romfs_chdir
001319d0 00000078 t romfs_diropen
00131a48 00000008 t romfs_dirclose
00131a50 00000344 T romfsMount
00131d94 00000058 T srvExit
00131dec 00000038 T srvRegisterClient
00131e24 000000c4 T srvInit
00131ee8 0000006c T srvGetServiceHandleDirect
00131f54 00000038 T srvGetServiceHandle
00131f8c 00000004 W gxCmdQueueAdd
00131f90 00000038 t submitGxCommand
00131fc8 0000004c T GX_TextureCopy
00132014 00000038 T ACU_GetWifiStatus
0013204c 0000003c T acWaitInternetConnection
00132088 000000a4 T amInit
0013212c 0000003c T amExit
00132168 00000048 T AM_StartCiaInstall
001321b0 0000003c T AM_FinishCiaInstall
001321ec 0000003c T AM_InitializeExternalTitleDatabase
00132228 00000004 W _aptDebug
0013222c 0000015c T aptSendCommand
00132388 0000003c t aptExitProcess
001323c4 0000004c T APT_InquireNotification
00132410 0000019c t aptEventHandler
001325ac 00000074 T APT_AppletUtility
00132620 000000b0 T aptSetSleepAllowed
001326d0 000000b0 T APT_GlanceParameter
00132780 000000c4 T APT_ReceiveParameter
00132844 000000bc t aptReceiveParameter.constprop.1
00132900 000001e8 t aptScreenTransfer
00132ae8 00000210 t aptWaitForWakeUp
00132cf8 00000070 T APT_CancelParameter
00132d68 00000270 T aptInit
00132fd8 00000088 t aptClearParamQueue
00133060 000001e4 t aptMainLoop.part.0
00133244 0000001c T aptMainLoop
00133260 0000024c T aptExit
001334ac 0000007c T APT_CheckNew3DS
00133528 00000028 t fsSessionForArchive.part.0
00133550 000000d0 T fsInit
00133620 0000003c T fsExit
0013365c 00000074 T fsExemptFromSession
001336d0 00000050 T fsUnexemptFromSession
00133720 00000088 T fsMakePath
001337a8 000000c0 T FSUSER_OpenFile
00133868 000000d4 T FSUSER_OpenFileDirectly
0013393c 000000a8 T FSUSER_DeleteFile
001339e4 000000e0 T FSUSER_RenameFile
00133ac4 000000a8 T FSUSER_DeleteDirectory
00133b6c 000000c0 T FSUSER_CreateFile
00133c2c 000000b0 T FSUSER_CreateDirectory
00133cdc 000000e0 T FSUSER_RenameDirectory
00133dbc 000000a4 T FSUSER_OpenDirectory
00133e60 00000098 T FSUSER_OpenArchive
00133ef8 0000009c T FSUSER_ControlArchive
00133f94 00000074 T FSUSER_CloseArchive
00134008 00000078 T FSUSER_GetSdmcArchiveResource
00134080 00000064 T FSUSER_IsSdmcWritable
001340e4 00000058 T FSFILE_Read
0013413c 00000064 T FSFILE_Write
001341a0 00000038 T FSFILE_GetSize
001341d8 00000028 T FSFILE_SetSize
00134200 0000003c T FSFILE_Close
0013423c 00000024 T FSFILE_Flush
00134260 00000054 T FSDIR_Read
001342b4 0000003c T FSDIR_Close
001342f0 00000074 T gspInit
00134364 0000003c T gspExit
001343a0 000000a0 T gspInitEventHandler
00134440 00000040 T gspExitEventHandler
00134480 00000044 T gspWaitForEvent
001344c4 00000004 W gxCmdQueueInterrupt
001344c8 00000174 t gspEventThreadMain
0013463c 00000124 T gspSubmitGxCommand
00134760 00000068 T GSPGPU_WriteHWRegs
001347c8 00000068 T GSPGPU_ReadHWRegs
00134830 0000006c T GSPGPU_SetBufferSwap
0013489c 0000004c T GSPGPU_FlushDataCache
001348e8 0000004c T GSPGPU_InvalidateDataCache
00134934 00000034 T GSPGPU_SetLcdForceBlack
00134968 00000064 T GSPGPU_RegisterInterruptRelayQueue
001349cc 0000002c T GSPGPU_UnregisterInterruptRelayQueue
001349f8 00000048 T GSPGPU_AcquireRight
00134a40 0000002c T GSPGPU_ReleaseRight
00134a6c 00000080 T GSPGPU_ImportDisplayCaptureInfo
00134aec 0000002c T GSPGPU_SaveVramSysArea
00134b18 0000002c T GSPGPU_RestoreVramSysArea
00134b44 000000d0 T hidExit
00134c14 0000026c T hidScanInput
00134e80 00000010 T hidKeysDown
00134e90 00000090 T HIDUSER_GetHandles
00134f20 000001a8 T hidInit
001350c8 0000019c T httpcInit
00135264 00000094 T httpcExit
001352f8 00000138 T httpcOpenContext
00135430 00000044 T httpcCloseContext
00135474 00000080 T httpcAddRequestHeaderField
001354f4 00000030 T httpcBeginRequest
00135524 00000044 T httpcReceiveData
00135568 00000100 T httpcDownloadData
00135668 00000054 T httpcGetDownloadSizeState
001356bc 00000078 T httpcGetResponseHeader
00135734 0000003c T httpcGetResponseStatusCode
00135770 00000034 T httpcSetSSLOpt
001357a4 000000ac T irrstScanInput
00135850 00000024 T irrstKeysHeld
00135874 00000050 T IRRST_GetHandles
001358c4 00000158 T irrstInit
00135a1c 0000002c T IRRST_Shutdown
00135a48 000000ac T irrstExit
00135af4 00000074 T pmInit
00135b68 0000003c T pmExit
00135ba4 00000044 T PM_LaunchFIRMSetParams
00135be8 00000074 T ptmSysmInit
00135c5c 0000003c T ptmSysmExit
00135c98 00000034 T PTMSYSM_ConfigureNew3DSCPU
00135ccc 0000000c T srvPmGetSessionHandle
00135cd8 0000015c T fcntl
00135e34 0000006c T rbtree_find
00135ea0 00000014 T rbtree_init
00135eb4 0000018c t do_insert
00136040 00000008 T rbtree_insert
00136048 0000032c T rbtree_remove
00136374 00000094 T rbtree_rotate
00136408 000000e8 T utf16_to_utf8
001364f0 000000c0 T utf8_to_utf16
001365b0 000000ec T __system_initArgv
0013669c 00000038 W __libctru_init
001366d4 00000030 t __ctru_get_reent
00136704 000000e4 T __system_initSyscalls
001367e8 T svcControlMemory
00136808 T svcExitProcess
00136810 T svcCreateThread
00136830 T svcExitThread
00136838 T svcSleepThread
00136840 T svcReleaseMutex
00136848 T svcCreateEvent
0013685c T svcSignalEvent
00136864 T svcClearEvent
0013686c T svcCreateMemoryBlock
00136884 T svcMapMemoryBlock
0013688c T svcUnmapMemoryBlock
00136894 T svcCreateAddressArbiter
001368a8 T svcArbitrateAddress
001368c0 T svcCloseHandle
001368c8 T svcWaitSynchronization
001368d0 T svcWaitSynchronizationN
001368f8 T svcDuplicateHandle
0013690c T svcGetSystemTick
00136914 T svcGetSystemInfo
0013692c T svcConnectToPort
00136940 T svcSendSyncRequest
00136948 T svcBreak
00136950 T svcBackdoor
00136958 00000024 t addrMapNodeComparator(rbtree_node const*, rbtree_node const*)
0013697c 00000004 t addrMapNodeDestructor(rbtree_node*)
00136980 000000e4 T mappableAlloc
00136a64 00000050 T mappableFree
00136ab4 00000024 t addrMapNodeComparator(rbtree_node const*, rbtree_node const*)
00136ad8 00000004 t addrMapNodeDestructor(rbtree_node*)
00136adc 00000110 T vramMemAlign
00136bec 00000008 T vramAlloc
00136bf4 00000050 T vramFree
00136c44 00000084 T envGetHandle
00136cc8 0000004c T envDestroyHandles
00136d14 00000034 t LightLock_Unlock.part.1
00136d48 0000000c T __sync_init
00136d54 00000018 T __sync_fini
00136d6c 00000010 T __sync_get_arbiter
00136d7c 00000018 T LightLock_Init
00136d94 0000009c T LightLock_Lock
00136e30 00000034 T LightLock_TryLock
00136e64 00000020 T LightLock_Unlock
00136e84 00000024 T RecursiveLock_Init
00136ea8 00000030 T RecursiveLock_Lock
00136ed8 00000058 T RecursiveLock_TryLock
00136f30 00000038 T RecursiveLock_Unlock
00136f68 00000038 T LightEvent_Init
00136fa0 0000007c T LightEvent_Clear
0013701c 000000dc T LightEvent_Signal
001370f8 000000bc T LightEvent_Wait
001371b4 0000001c t threadFree.part.0
001371d0 000001ac T threadCreate
0013737c 00000024 T threadJoin
001373a0 00000064 T threadExit
00137404 00000040 t _thread_begin
00137444 0000003c T _net_convert_error
00137480 00000074 T rbtree_node_next
001374f4 00000060 T decode_utf16
00137554 00000138 T decode_utf8
0013768c 00000068 T encode_utf16
001376f4 00000104 T encode_utf8
001377f8 0000001c W __appExit
00137814 0000001c W __appInit
00137830 000000a4 W __libctru_exit
001378d4 00000010 t sdmc_link
001378e4 00000010 t sdmc_dirreset
001378f4 00000010 t sdmc_chmod
00137904 00000024 t error_cmp
00137928 00000050 t sdmc_translate_error
00137978 00000034 t sdmc_fsync
001379ac 00000054 t sdmc_ftruncate
00137a00 000000b8 t sdmc_statvfs
00137ab8 00000038 t sdmc_dirclose
00137af0 00000138 t sdmc_dirnext
00137c28 00000034 t sdmc_close
00137c5c 00000074 t sdmc_fstat
00137cd0 000000d0 t sdmc_seek
00137da0 00000084 t sdmc_read
00137e24 000000c0 t sdmc_write
00137ee4 000001a8 t sdmc_utf16path
0013808c 00000074 t sdmc_rmdir
00138100 000000a0 t sdmc_diropen
001381a0 000000a0 t sdmc_chdir
00138240 00000098 t sdmc_mkdir
001382d8 00000108 t sdmc_rename
001383e0 00000074 t sdmc_unlink
00138454 00000108 t sdmc_stat
0013855c 00000198 t sdmc_open
001386f4 00000010 t sdmc_fchmod
00138704 00000168 T sdmcInit
0013886c 00000060 T sdmcExit
001388cc T __aeabi_read_tp
001388d8 00000158 T __udivmoddi4
00138a30 00000014 T abort
00138a44 00000074 T bsearch
00138ab8 00000020 T calloc
00138ad8 00000090 T _calloc_r
00138b68 0000000c T __errno
00138b74 00000034 T exit
00138ba8 00000164 T _fclose_r
00138d0c 00000018 T fclose
00138d24 0000026c T __sflush_r
00138f90 00000094 T _fflush_r
00139024 00000038 T fflush
0013905c 0000000c T _cleanup_r
00139068 00000078 t std.isra.0
001390e0 00000048 T __sfmoreglue
00139128 0000008c T __sinit
001391b4 00000110 T __sfp
001392c4 0000000c T __sfp_lock_acquire
001392d0 0000000c T __sfp_lock_release
001392dc 00000040 T __libc_fini_array
0013931c 00000140 T _fopen_r
0013945c 00000020 T fopen
0013947c 000002e4 T _fread_r
00139760 00000038 T fread
00139798 000000f8 T _malloc_trim_r
00139890 000002e4 T _free_r
00139b74 00000004 T _fseek_r
00139b78 00000030 T fseek
00139ba8 000005d0 T _fseeko_r
0013a178 00000034 T ftell
0013a1ac 00000198 T _ftello_r
0013a344 00000070 T _fwalk
0013a3b4 00000078 T _fwalk_reent
0013a42c 000000c8 T _findenv_r
0013a4f4 00000018 T _getenv_r
0013a50c 0000007c T __libc_init_array
0013a588 00000024 T __locale_mb_cur_max
0013a5ac 00000008 T __locale_ctype_ptr_l
0013a5b4 00000024 T __locale_ctype_ptr
0013a5d8 00000094 T __swhatbuf_r
0013a66c 000000f4 T __smakebuf_r
0013a760 00000020 T memalign
0013a780 00000158 T _memalign_r
0013a8d8 00000018 T malloc
0013a8f0 00000018 T free
0013a908 000007a8 T _malloc_r
0013b0b0 000000b4 T _mbrtowc_r
0013b164 000000b8 T mbrtowc
0013b21c 000002fc T __utf8_mbtowc
0013b518 00000100 T memchr
0013b618 000000fc T memcmp
0013b714 0000010c T memcpy
0013b820 0000013c T memmove
0013b95c 00000110 T memset
0013ba6c 00000320 t validate_structure
0013bd8c 000004ec T mktime
0013c278 0000000c T __malloc_lock
0013c284 0000000c T __malloc_unlock
0013c290 00000380 T nl_langinfo_l
0013c610 0000002c T nl_langinfo
0013c63c 00000038 T printf
0013c674 0000001c T putchar
0013c690 000000d4 T _putc_r
0013c764 000000e0 T _puts_r
0013c844 00000018 T puts
0013c85c 00000020 T realloc
0013c87c 000004d0 T _realloc_r
0013cd4c 0000001c t lflush
0013cd68 000001ac T __srefill_r
0013cf14 00000028 T remove
0013cf3c 0000003c T rewind
0013cf78 00000264 T setvbuf
0013d1dc 00000098 T _raise_r
0013d274 00000018 T raise
0013d28c 00000064 T sprintf
0013d2f0 00000074 T sscanf
0013d364 0000003c T __sread
0013d3a0 00000008 T __seofread
0013d3a8 00000064 T __swrite
0013d40c 0000004c T __sseek
0013d458 00000008 T __sclose
0013d460 00000070 T stpcpy
0013d4d0 00000180 T strchr
0013d650 000000f0 T strcpy
0013d740 00000018 T strdup
0013d758 00000040 T _strdup_r
0013d798 0000005c T strlen
0013d7f4 00000098 T strncat
0013d88c 000000f8 T strncmp
0013d984 000000d8 T strncpy
0013da5c 0000005c T strnlen
0013dab8 00000044 T strrchr
0013dafc 00000110 t critical_factorization
0013dc0c 00000380 t two_way_long_needle
0013df8c 00000350 T strstr
0013e2dc 000001bc t _strtol_l.isra.0
0013e498 00000050 T _strtol_r
0013e4e8 000074a0 t get_arg
00145988 00003e2c T _svfprintf_r
001497b4 000027c8 T __ssvfscanf_r
0014bf7c 00000018 T close
0014bf94 00000020 T fstat
0014bfb4 00000020 T link
0014bfd4 00000030 T lseek
0014c004 00000040 T open
0014c044 00000020 T stat
0014c064 00000018 T unlink
0014c07c 00000028 T write
0014c0a4 00000038 T time
0014c0dc 00000218 T __tzcalc_limits
0014c2f4 0000000c T __tz_lock
0014c300 0000000c T __tz_unlock
0014c30c 00000010 T _tzset_unlocked
0014c31c 0000049c T _tzset_unlocked_r
0014c7b8 0000001c t __sprint_r.part.0
0014c7d4 0000001c T __sprint_r
0014c7f0 000074a0 t get_arg
00153c90 00003fd8 T _vfprintf_r
00157c68 00000028 T vfprintf
00157c90 000000d0 t __sbprintf
00157d60 00000108 T __swbuf_r
00157e68 000000a0 T _wcrtomb_r
00157f08 000000a8 T wcrtomb
00157fb0 00000030 T wcslen
00157fe0 00000020 T _wcsrtombs_r
00158000 000000e8 T __utf8_wctomb
001580e8 00000008 T wmemcpy
001580f0 00000148 T __swsetup_r
00158238 00000170 T __call_exitprocs
001583a8 0000004c T div
001583f4 000001bc t quorem
001585b0 00001224 T _dtoa_r
001597d4 0000000c T __env_lock
001597e0 0000000c T __env_unlock
001597ec 000000b0 T __sflags
0015989c 00000498 T __sfvwrite_r
00159d34 0000000c T __gettzinfo
00159d40 00000074 T iswspace
00159db4 000001e0 t __jp2uc
00159f94 000000c4 T _jp2uc
0015a058 00000008 T __localeconv_l
0015a060 00000024 T _localeconv_r
0015a084 00000088 T _Balloc
0015a10c 0000001c T _Bfree
0015a128 000000d0 T __multadd
0015a1f8 000000e0 T __s2b
0015a2d8 00000058 T __hi0bits
0015a330 0000009c T __lo0bits
0015a3cc 00000020 T __i2b
0015a3ec 000001d4 T __multiply
0015a5c0 00000100 T __pow5mult
0015a6c0 000000e8 T __lshift
0015a7a8 0000005c T __mcmp
0015a804 00000168 T __mdiff
0015a96c 00000078 T __ulp
0015a9e4 000000d0 T __b2d
0015aab4 00000104 T __d2b
0015abb8 00000084 T __ratio
0015ac3c 00000088 T __copybits
0015acc4 00000078 T __any_on
0015ad3c 000000cc T __sccl
0015ae08 0000000c T nanf
0015ae18 0000009c T frexp
0015aeb4 00000074 T siscanf
0015af28 000000f8 T stpncpy
0015b020 00000054 t sulp
0015b078 00001464 T _strtod_l
0015c4dc 0000003c T _strtod_r
0015c518 00000274 t _strtoll_l.isra.0
0015c78c 00000050 T _strtoll_r
0015c7e0 00000260 t _strtoull_l.isra.0
0015ca40 00000050 T _strtoull_r
0015ca90 000001d0 t _strtoul_l.isra.0
0015cc60 00000050 T _strtoul_r
0015ccb0 00000054 T strtoul
0015cd04 00000188 T __ssprint_r
0015ce8c 000000dc T _sungetc_r
0015cf68 0000006c T __ssrefill_r
0015cfd4 000000c8 T _sfread_r
0015d09c 00001d84 T __ssvfiscanf_r
0015ee20 000000a4 T __submore
0015eec4 00000170 T _wcsnrtombs_l
0015f034 00000064 T _wcsnrtombs_r
0015f098 00000104 t rshift
0015f19c 000007f8 T __gethex
0015f994 00000060 T __match
0015f9f4 00000254 T __hexnan
0015fc48 00000008 t null_write
0015fc50 00000018 T setDefaultDevice
0015fc68 000000cc T FindDevice
0015fd34 00000028 T RemoveDevice
0015fd5c 00000098 T AddDevice
0015fdf4 00000084 T _close_r
0015fe78 00000074 T _fstat_r
0015feec 00000010 T _getpid_r
0015fefc 0000002c T _gettimeofday_r
0015ff28 00000008 T _isatty_r
0015ff30 00000010 T _kill_r
0015ff40 0000007c T _link_r
0015ffbc 00000084 T _lseek_r
00160040 000000c4 T _open_r
00160104 00000080 T _read_r
00160184 00000070 T _sbrk_r
001601f4 0000006c T _stat_r
00160260 00000064 T _unlink_r
001602c4 00000080 T _write_r
00160344 00000024 T _exit
00160368 000001cc T _concatenate_path
00160534 0000015c T chdir
00160690 00000060 T mkdir
001606f0 00000008 T __flockfile
001606f8 00000008 T __funlockfile
00160700 00000018 T __libc_lock_acquire
00160718 00000018 T __libc_lock_release
00160730 00000018 T __libc_lock_init_recursive
00160748 00000018 T __libc_lock_acquire_recursive
00160760 00000018 T __libc_lock_release_recursive
00160778 00000018 T __libc_lock_close_recursive
00160790 0000008c T __release_handle
0016081c 000000b4 T __alloc_handle
001608d0 00000018 T __get_handle
001608e8 00000080 T ftruncate
00160968 00000074 T fchmod
001609dc 00000074 T chmod
00160a50 00000028 T __getreent
00160a78 0000006c T rmdir
00160ae4 T _fini
00161000 R arm11_bin
001614d8 R arm11_bin_end
001614d8 R arm11_bin_size
001614e0 00000008 r kMaskToBitNumber.11663
001614e8 00000008 r kMaskToAllowedStatus.11662
00161528 00000028 r coder_copy.11625
0016155c 00000024 r compression_names.10368
00161580 00000008 r rb_ops.10248
00161588 00000008 r rb_rsrc_ops.10249
00161590 00000100 r utf8_count.9611
00161690 000001d3 r u_decomposable_blocks
00161864 00000730 r ccc_val
00161f94 00000270 r ccc_val_index
00162204 000001d3 r ccc_index
001623d8 00002ba4 r u_decomposition_table
00164f7c 00002ba4 r u_composition_table
00167b20 00000010 r PPMD7_kExpEscape
00167b30 00000030 R __archive_ppmd7_functions
00167b60 000000d8 r decoders
00167c38 0000000c r next_state.7528
00167c44 00000008 r MASK_TO_ALLOWED_STATUS.7311
00167c4c 00000020 r MASK_TO_BIT_NUMBER.7312
00167c6c 00000080 r BRANCH_TABLE.7309
00167cf0 000000a0 r features
00167d90 00002000 r crc_table
00169d90 00000078 r configuration_table
00169e08 00000044 R deflate_copyright
00169e4c 00000800 r lenfix.5550
0016a64c 00000080 r distfix.5551
0016a6cc 00000026 r order.5579
0016a6f4 00000040 r dext.5465
0016a734 00000040 r dbase.5464
0016a774 0000003e r lext.5463
0016a7b4 0000003e r lbase.5462
0016a7f4 0000002f R inflate_copyright
0016a824 00000100 R _length_code
0016a924 00000074 r extra_lbits
0016a998 00000074 r base_length
0016aa0c 00000200 R _dist_code
0016ac0c 00000078 r extra_dbits
0016ac84 00000078 r base_dist
0016acfc 00000480 r static_ltree
0016b17c 00000078 r static_dtree
0016b1f4 00000013 r bl_order
0016b208 0000004c r extra_blbits
0016b254 00000028 R z_errmsg
0016b288 R default_font_bin
0016ba88 R default_font_bin_end
0016ba88 R default_font_bin_size
0016e4ec 00000030 r colorTable
0016e570 00000068 r dotab_stdout
0016e5e8 00000014 r CSWTCH.61
0016e5fc 00000008 r framebufferInfoSt
0016e6b4 0000004d r _net_error_code_map
0016e704 00000030 r error_table
0016e744 00000004 R _global_impure_ptr
0016e78c 00000030 r DAYS_IN_MONTH
0016e7bc 00000030 r _DAYS_BEFORE_MONTH
0016e810 r .LC2
0016e814 00000010 r blanks.8562
0016e824 00000010 r zeroes.8563
0016e83c 00000022 r basefix.8603
0016e860 000000fc R _C_time_locale
0016eb08 00000010 r blanks.8577
0016eb18 00000010 r zeroes.8578
0016eb28 00000101 R _ctype_
0016ec50 000000bc r a1
0016ed0c 000000bc r a2
0016edc8 0000005b r a3
0016ee24 00000070 r a6
0016ee94 000000a2 r a7
0016ef38 00000040 r a8
0016ef78 0000172a r b02cf
001706a4 00001a7c r d02f4
00172120 00000010 R _C_messages_locale
00172148 0000003c R _C_monetary_locale
00172184 0000000c R _C_numeric_locale
00172190 00000060 R __month_lengths
001721f0 00000028 R __mprec_bigtens
00172218 000000c8 R __mprec_tens
001722e0 0000000c r p05.7353
001722fc 00000014 r fpi.7439
00172310 00000014 r fpinan.7475
00172328 00000028 r tinytens
00172350 0000006c R __action_table
001723bc 00000100 R __chclass
001724bc 0000006c R __state_table
00172528 00000022 r basefix.8096
0017254c 00000100 R __hexdig
00172654 00000068 R dotab_stdnull
001726bc 00000003 R DIRECTORY_PARENT
001726c0 r __EH_FRAME_BEGIN__
001726c0 R __exidx_end
001726c0 R __exidx_start
00173000 00000004 d backdoor_res
00173004 00000004 d error
00173008 00000004 d pm_res
0017300c 00000008 d g_szalloc
00173014 00000014 d static_l_desc
00173028 00000014 d static_d_desc
0017303c 00000014 d static_bl_desc
00173050 W __stacksize__
00173054 00000004 D currentConsole
00173058 0000004c D defaultConsole
001730a4 00000001 d firstConsoleInit.7969
001730a5 00000001 d botFormat
001730a8 00000008 d doubleBuf
001730b0 00000001 d topFormat
001730b4 00000068 d romFS_devoptab
0017311c 00000004 d aptFlags
00173120 00000004 d gspLastEvent
00173124 00000004 V __ctru_linear_heap_size
00173128 00000401 d __cwd
0017352c 00000068 d sdmc_devoptab
00173594 0000000c d __sfp_lock
001735a0 0000000c d __sinit_lock
001735ac 00000004 D _impure_ptr
001735b0 00000460 d impure_data
00173a10 0000016c D __global_locale
00173b7c 00000408 D __malloc_av_
00173f84 00000004 D __malloc_sbrk_base
00173f88 00000004 D __malloc_trim_threshold
00173f8c 0000000c d __malloc_lock_object
00173f98 00000004 d __tz_lock_object
00173f9c 00000008 D _tzname
00173fa4 0000000c D __atexit_lock
00173fb0 00000004 D environ
00173fb4 0000000c d __env_lock_object
00173fc0 00000040 d tzinfo
00174000 00000002 d numempty
00174004 00000002 d numempty
00174008 00000004 d defaultDevice
0017400c 00000040 D devoptab_list
0017404c 00001000 d _current_working_directory
0017504c 00000004 d __hndl_lock
00175050 0000000c d __stderr_handle
0017505c 0000000c d __stdin_handle
00175068 0000000c d __stdout_handle
00175074 00001000 d handles
00176074 t __frame_dummy_init_array_entry
00176074 T __init_array_start
00176074 B __preinit_array_end
00176074 B __preinit_array_start
00176074 D __tdata_lma
00176074 D __tdata_lma_end
00176074 D __TMC_END__
00176074 d __TMC_LIST__
00176078 t __do_global_dtors_aux_fini_array_entry
00176078 T __fini_array_start
00176078 T __init_array_end
0017607c T __bss_start__
0017607c T __fini_array_end
0017607c 00000004 B size
00176080 00000004 B readsize
00176084 00000004 B lastbuf
00176088 00000100 b returnDownloadUrl.13807
00176188 00000100 b downloadUrl.13806
00176288 00000001 b g_is_new3ds
0017628c 00000004 b g_original_pid
00176290 00000004 b kver
00176294 00000004 b payload_buf
00176298 00000004 b payload_size
0017629c 00000004 b inited.9651
001762a0 00000034 b av.9650
001762d4 00000004 b warning_done.10623
001762d8 00000004 b inited.10327
001762dc 00000034 b av.10326
00176310 b saved_stack
00176318 b completed.7759
0017631c b object.7764
00176334 00000008 b sLinearPool
0017633c 0000000c b sAddrMap
00176348 00000002 b currentBuffer
0017634a 00000001 b enable3d
0017634c 00000004 b screenAlloc
00176350 00000004 b screenFree
00176354 00000001 V __ctru_speedup
00176358 00000401 b __component
0017675c 00000004 V __romfs_path
00176760 00000802 b __utf16path
00176f64 00000004 b romfs_mount_list
00176f68 00000004 b srvHandle
00176f6c 00000004 b srvRefCount
00176f70 00000004 b boundQueue
00176f74 00000004 b acHandle
00176f78 00000004 b amHandle
00176f7c 00000004 b amRefCount
00176f80 00000001 b aptChainloadMediatype
00176f88 00000008 b aptChainloadTid
00176f90 00000004 b aptEventHandlerThread
00176f94 0000000c b aptEvents
00176fa0 0000000c b aptFirstHook
00176fac 00000001 b aptHomeButtonState
00176fb0 00000004 b aptLockHandle
00176fb4 00000004 b aptMessageFunc
00176fb8 00000004 b aptMessageFuncData
00176fbc 00001000 b aptParameters
00177fbc 00000004 b aptRefCount
00177fc0 00000008 b aptSleepEvent
00177fc8 00000001 b flagInit.8115
00177fc9 00000001 b flagValue.8116
00177fcc 00000004 b serviceName.7754
00177fd0 00000080 b fsExemptArchives
00178050 00000004 b fsuHandle
00178054 00000004 b fsuRefCount
00178058 00000004 b gspEvent
0017805c 0000001c b gspEventCb
00178078 0000001c b gspEventCbData
00178094 00000007 b gspEventCbOneShot
0017809c 0000001c b gspEventCounts
001780b8 00000004 b gspEventData
001780bc 00000004 b gspEventThread
001780c0 00000038 b gspEvents
001780f8 00000004 b gspRefCount
001780fc 00000001 b gspRunEvents
00178100 00000006 b aVec
00178108 00000004 b cPos
0017810c 00000006 b gRate
00178114 00000004 b hidRefCount
00178118 00000004 b kDown
0017811c 00000004 b kHeld
00178120 00000004 b kOld
00178124 00000004 b kUp
00178128 00000004 b tPos
0017812c 00000004 b __httpc_refcount
00178130 00000004 b __httpc_sharedmem_handle
00178134 00000004 b __httpc_sharedmem_size
00178138 00000004 b csPos
0017813c 00000004 b irrstRefCount
00178140 00000004 b kHeld
00178144 00000004 b pmHandle
00178148 00000004 b pmRefCount
0017814c 00000004 b ptmSysmHandle
00178150 00000004 b ptmSysmRefCount
00178154 00000004 b srvPmHandle
00178158 00000004 V __ctru_heap_size
0017815c 00000008 b sMappablePool
00178164 0000000c b sAddrMap
00178170 0000000c b sAddrMap
0017817c 00000008 b sVramPool
00178184 00000004 b arbiter
00178188 00000004 B SOCU_handle
00178190 00000008 b sdmcArchive
00178198 00000001 b sdmcInitialised
0017819c 00000028 B __malloc_current_mallinfo
001781c4 00000004 B __malloc_max_sbrked_mem
001781c8 00000004 B __malloc_max_total_mem
001781cc 00000004 B __malloc_top_pad
001781d0 00000004 b csym.6496
001781d4 0000000b b __tzname_dst
001781e0 0000000b b __tzname_std
001781ec 00000004 b prev_tzenv
001781f0 00000004 B _daylight
001781f4 00000004 B _timezone
001781f8 00000004 b initial_env
001781fc 00000001 b empty
00178200 00000004 b heap_start.7089
00178204 00000004 B fake_heap_end
00178208 00000004 B fake_heap_start
0017820c 00001000 b temp_cwd
0017920c 00000038 B __syscalls
00179244 00000004 B buf
00179248 00000004 B File
0017924c 0000004c B top
00179298 0000004c B bottom
001792e4 0000004c B currentCopy
00179330 00000008 B gfxBottomFramebuffers
00179338 00000004 B gspSharedMemHandle
0017933c 0000001c B bottomFramebufferInfo
00179358 00000004 B gspEvent
0017935c 00000008 B gfxTopLeftFramebuffers
00179364 00000008 B gfxTopRightFramebuffers
0017936c 0000001c B topFramebufferInfo
00179388 00000001 B gfxThreadID
0017938c 00000004 B gfxSharedMemory
00179390 00000004 B gfxTopFramebufferMaxSize
00179394 00000004 B gfxBottomFramebufferMaxSize
00179398 00000004 B gxCmdBuf
0017939c 00000004 B gspGpuHandle
001793a0 00000004 B hidMemHandle
001793a4 00000004 B hidHandle
001793a8 00000004 B hidSharedMem
001793ac 00000014 B hidEvents
001793c0 00000004 B __httpc_servhandle
001793c4 00000004 B __httpc_sharedmem_addr
001793c8 00000004 B irrstHandle
001793cc 00000004 B irrstEvent
001793d0 00000004 B irrstMemHandle
001793d4 00000004 B irrstSharedMem
001793d8 00000004 B __ctru_linear_heap
001793dc 00000004 B __ctru_heap
001793e0 00000004 B __system_argv
001793e4 00000004 B __system_argc
001793e8 00000004 B __system_retAddr
001793ec B __tls_start
0017a7f8 B __bss_end__
0017a7f8 A __end__
0017a7f8 B __tls_end
